commit 1750833612
message: asf
files:
- vcs.c : 00000000000000000000000000000000f9574762

commit 1750835065
message: added
files:
- new.txt : 00000000000000000000000000000000f1901cba

commit 1750835592
message: latest
files:
- file.txt : 00000000000000000000000000000000b28da2af

commit 1750836230
message: Revert to commit 1750835065
files:
- new.txt : 00000000000000000000000000000000f1901cba

commit 1750841613
message: final pkka  vcs
files:
- - vcs.c : 00000000000000000000000000000000f9574762 : 0000000000000000000000000000000000000000
- - vcs.c : 0000000000000000000000000000000083c7fcd3 : 0000000000000000000000000000000000000000
- - - : 0000000000000000000000000000000083c7fcd3 : 0000000000000000000000000000000000000000
- - vcs.c : 00000000000000000000000000000000b63f9ecc : 0000000000000000000000000000000000000000
- - vcs.c : 00000000000000000000000000000000d6972995 : 0000000000000000000000000000000000000000
- - testfile.c : 0000000000000000000000000000000000000000 : 0000000000000000000000000000000000000000
- - testfile.c : 0000000000000000000000000000000000000000 : 0000000000000000000000000000000000000000
- - testfile.txt : 00000000000000000000000000000000f74f10ec : 0000000000000000000000000000000000000000
- - - : 00000000000000000000000000000000f74f10ec : 0000000000000000000000000000000000000000
- - - : 00000000000000000000000000000000f74f10ec : 0000000000000000000000000000000000000000
- - vcs.c : 00000000000000000000000000000000d5913e05 : 0000000000000000000000000000000000000000
- - vcs.c : 00000000000000000000000000000000f9574762 : 0000000000000000000000000000000000000000
- - new.txt : 00000000000000000000000000000000f1901cba : 0000000000000000000000000000000000000000
- - file.txt : 00000000000000000000000000000000b28da2af : 0000000000000000000000000000000000000000
- - new.txt : 00000000000000000000000000000000f1901cba : 0000000000000000000000000000000000000000
- - vcs.c : 00000000000000000000000000000000f9574762 : 0000000000000000000000000000000000000000
- - vcs.c : 0000000000000000000000000000000083c7fcd3 : 0000000000000000000000000000000000000000
- - - : 0000000000000000000000000000000083c7fcd3 : 0000000000000000000000000000000000000000
- - vcs.c : 00000000000000000000000000000000b63f9ecc : 0000000000000000000000000000000000000000
- - vcs.c : 00000000000000000000000000000000d6972995 : 0000000000000000000000000000000000000000
- - testfile.c : 0000000000000000000000000000000000000000 : 0000000000000000000000000000000000000000
- - testfile.c : 0000000000000000000000000000000000000000 : 0000000000000000000000000000000000000000
- - testfile.txt : 00000000000000000000000000000000f74f10ec : 0000000000000000000000000000000000000000
- - - : 00000000000000000000000000000000f74f10ec : 0000000000000000000000000000000000000000
- - - : 00000000000000000000000000000000f74f10ec : 0000000000000000000000000000000000000000
- - vcs.c : 00000000000000000000000000000000d5913e05 : 0000000000000000000000000000000000000000
- vcs.c : 00000000000000000000000000000000d5913e05

