commit 1747898224
message: first commit
files:
- vcs.c : 00000000000000000000000000000000f9574762

commit 1750836678
message: main changed
files:
- vcs.c : 0000000000000000000000000000000083c7fcd3

commit 1750837881
message: final changes
files:
- - vcs.c : 00000000000000000000000000000000f9574762 : 0000000000000000000000000000000000000000
- vcs.c : 00000000000000000000000000000000b63f9ecc

commit 1750837945
message: rollback changes
files:
- vcs.c : 00000000000000000000000000000000d6972995
- testfile.c : 0000000000000000000000000000000000000000

commit 1750837959
message: rollback changes
files:
- testfile.c : 0000000000000000000000000000000000000000

commit 1750837989
message: roolback
files:
- testfile.txt : 00000000000000000000000000000000f74f10ec

commit 1750841201
message: merge vcs
files:
- - - vcs.c : 00000000000000000000000000000000f9574762 : 0000000000000000000000000000000000000000 : 0000000000000000000000000000000000000000
- - vcs.c : 00000000000000000000000000000000b63f9ecc : 0000000000000000000000000000000000000000
- vcs.c : 00000000000000000000000000000000d5913e05

